# vsim -sv_seed 123969 -voptargs="+acc" -assertdebug -c testbench -do " log -r /*;run -all;" -l baudrate_mismatch_123969.log "+UVM_TESTNAME=baudrate_mismatch" "+UVM_VERBOSITY=UVM_HIGH" 
# Start time: 00:41:44 on Jul 28,2025
# Loading /tmp/trong_dva4@ictc-eda-ldap-1.ipa.test_dpi_487044/linux_x86_64_gcc-11/export_tramp.so
# ** Note: (vsim-8009) Loading existing optimized design _opt
# //  Questa Sim-64
# //  Version 10.6d_1 linux_x86_64 Apr 11 2018
# //
# //  Copyright 1991-2018 Mentor Graphics Corporation
# //  All Rights Reserved.
# //
# //  QuestaSim and its associated documentation contain trade
# //  secrets and commercial or financial information that are the property of
# //  Mentor Graphics Corporation and are privileged, confidential,
# //  and exempt from disclosure under the Freedom of Information Act,
# //  5 U.S.C. Section 552. Furthermore, this information
# //  is prohibited from disclosure under the Trade Secrets Act,
# //  18 U.S.C. Section 1905.
# //
# Loading sv_std.std
# Loading work.uart_if(fast)
# Loading work.uvm_pkg(fast)
# Loading work.uart_pkg(fast)
# ** Note: (vsim-8785) UVM-aware debugging capabilities will be disabled since no compiled "questa_uvm_pkg" can be found.
# This also means that later if you turn on UVM-aware debugging your debug simulations may have
# different random seeds from your non-debug simulations.
# Loading work.env_pkg(fast)
# Loading work.seq_pkg(fast)
# Loading work.test_pkg(fast)
# Loading work.testbench(fast)
# Loading work.uart_if(fast)
# Loading work.uart_dut(fast)
# Compiling /tmp/trong_dva4@ictc-eda-ldap-1.ipa.test_dpi_487044/linux_x86_64_gcc-5.3.0/exportwrapper.c
# Compiling /tmp/trong_dva4@ictc-eda-ldap-1.ipa.test_dpi_487044/linux_x86_64_gcc-11/exportwrapper.c
# Loading /tmp/trong_dva4@ictc-eda-ldap-1.ipa.test_dpi_487044/linux_x86_64_gcc-11/vsim_auto_compile.so
#  log -r /*
# run -all
# UVM_INFO /ictc/other/tools/QuestaDVA/questasim/verilog_src/uvm-1.2/src/base/uvm_root.svh(392) @ 0: reporter [UVM/RELNOTES] 
# ----------------------------------------------------------------
# UVM-1.2
# (C) 2007-2014 Mentor Graphics Corporation
# (C) 2007-2014 Cadence Design Systems, Inc.
# (C) 2006-2014 Synopsys, Inc.
# (C) 2011-2013 Cypress Semiconductor Corp.
# (C) 2013-2014 NVIDIA Corporation
# ----------------------------------------------------------------
# 
#   ***********       IMPORTANT RELEASE NOTES         ************
# 
#   You are using a version of the UVM library that has been compiled
#   with `UVM_NO_DEPRECATED undefined.
#   See http://www.eda.org/svdb/view.php?id=3313 for more details.
# 
#   You are using a version of the UVM library that has been compiled
#   with `UVM_OBJECT_DO_NOT_NEED_CONSTRUCTOR undefined.
#   See http://www.eda.org/svdb/view.php?id=3770 for more details.
# 
#       (Specify +UVM_NO_RELNOTES to turn off this notice)
# 
# UVM_INFO /ictc/other/tools/QuestaDVA/questasim/verilog_src/uvm-1.2/src/base/uvm_root.svh(453) @ 0: reporter [NO_DPI_TSTNAME] UVM_NO_DPI defined--getting UVM_TESTNAME directly, without DPI
# UVM_INFO @ 0: reporter [RNTST] Running test baudrate_mismatch...
# UVM_INFO ./../testcases/uart_base_test.sv(65) @ 0: uvm_test_top [build_phase] Entered...
# UVM_INFO ./../testcases/uart_base_test.sv(95) @ 0: uvm_test_top [build_phase] Exitting...
# UVM_INFO ./../testcases/baudrate_mismatch.sv(23) @ 0: uvm_test_top [baudrate_mismatch] Configuration LHS : 
# ------------------------------------------------
# Name           Type                Size  Value  
# ------------------------------------------------
# cfg_tmp        uart_configuration  -     @384   
#   mode         uart_mode_enum      32    TX_RX  
#   baudrate     integral            32    'd19200
#   data_bits    integral            32    'd8    
#   stop_bits    integral            32    'd2    
#   use_parity   integral            1     'd0    
#   parity_even  integral            1     'd0    
# ------------------------------------------------
# 
# UVM_INFO ./../testcases/baudrate_mismatch.sv(32) @ 0: uvm_test_top [baudrate_mismatch] Configuration RHS: 
# -------------------------------------------------
# Name           Type                Size  Value   
# -------------------------------------------------
# cfg_tmp        uart_configuration  -     @384    
#   mode         uart_mode_enum      32    TX_RX   
#   baudrate     integral            32    'd115200
#   data_bits    integral            32    'd8     
#   stop_bits    integral            32    'd2     
#   use_parity   integral            1     'd0     
#   parity_even  integral            1     'd0     
# -------------------------------------------------
# 
# UVM_INFO ./../tb/uart_environment.sv(18) @ 0: uvm_test_top.uart_env [build_phase] Entered...
# UVM_INFO ./../tb/uart_environment.sv(37) @ 0: uvm_test_top.uart_env [build_phase] Exitting...
# UVM_INFO ./../uart_vip/uart_agent.sv(22) @ 0: uvm_test_top.uart_env.uart_lhs_agent [uart_agent] Active agent is configured
# UVM_INFO ./../uart_vip/uart_agent.sv(22) @ 0: uvm_test_top.uart_env.uart_rhs_agent [uart_agent] Active agent is configured
# UVM_INFO ./../tb/uart_environment.sv(42) @ 0: uvm_test_top.uart_env [connect_phase] Entered...
# UVM_INFO ./../tb/uart_environment.sv(47) @ 0: uvm_test_top.uart_env [connect_phase] Exitting...
# UVM_INFO /ictc/other/tools/QuestaDVA/questasim/verilog_src/uvm-1.2/src/base/uvm_traversal.svh(279) @ 0: reporter [UVM/COMP/NAMECHECK] This implementation of the component name checks requires DPI to be enabled
# UVM_INFO ./../testcases/uart_base_test.sv(99) @ 0: uvm_test_top [start_of_simulation_phase] Entered...
# UVM_INFO /ictc/other/tools/QuestaDVA/questasim/verilog_src/uvm-1.2/src/base/uvm_root.svh(579) @ 0: reporter [UVMTOP] UVM testbench topology:
# ------------------------------------------------------------------
# Name                          Type                     Size  Value
# ------------------------------------------------------------------
# uvm_test_top                  baudrate_mismatch        -     @344 
#   uart_env                    uart_environment         -     @361 
#     scoreboard                uart_scoreboard          -     @395 
#       lhs_rx_export           uvm_analysis_imp_lhs_rx  -     @442 
#       lhs_tx_export           uvm_analysis_imp_lhs_tx  -     @432 
#       rhs_rx_export           uvm_analysis_imp_rhs_rx  -     @462 
#       rhs_tx_export           uvm_analysis_imp_rhs_tx  -     @452 
#     uart_lhs_agent            uart_agent               -     @404 
#       driver                  uart_driver              -     @614 
#         rsp_port              uvm_analysis_port        -     @633 
#         seq_item_port         uvm_seq_item_pull_port   -     @623 
#       monitor                 uart_monitor             -     @643 
#         uart_observe_port_rx  uvm_analysis_port        -     @662 
#         uart_observe_port_tx  uvm_analysis_port        -     @652 
#       sequencer               uart_sequencer           -     @477 
#         rsp_export            uvm_analysis_export      -     @486 
#         seq_item_export       uvm_seq_item_pull_imp    -     @604 
#         arbitration_queue     array                    0     -    
#         lock_queue            array                    0     -    
#         num_last_reqs         integral                 32    'd1  
#         num_last_rsps         integral                 32    'd1  
#     uart_rhs_agent            uart_agent               -     @413 
#       driver                  uart_driver              -     @829 
#         rsp_port              uvm_analysis_port        -     @848 
#         seq_item_port         uvm_seq_item_pull_port   -     @838 
#       monitor                 uart_monitor             -     @858 
#         uart_observe_port_rx  uvm_analysis_port        -     @877 
#         uart_observe_port_tx  uvm_analysis_port        -     @867 
#       sequencer               uart_sequencer           -     @692 
#         rsp_export            uvm_analysis_export      -     @701 
#         seq_item_export       uvm_seq_item_pull_imp    -     @819 
#         arbitration_queue     array                    0     -    
#         lock_queue            array                    0     -    
#         num_last_reqs         integral                 32    'd1  
#         num_last_rsps         integral                 32    'd1  
# ------------------------------------------------------------------
# 
# UVM_INFO ./../testcases/uart_base_test.sv(101) @ 0: uvm_test_top [start_of_simulation_phase] Exitting...
# UVM_INFO ./../sequences/uart_sequence.sv(13) @ 0: uvm_test_top.uart_env.uart_lhs_agent.sequencer@@lhs_seq [uart_sequence] Send req to driver: 
#  -------------------------------------------------------------------------------------------------------------
# Name                           Type              Size  Value                                                 
# -------------------------------------------------------------------------------------------------------------
# req                            uart_transaction  -     @944                                                  
#   data                         integral          9     'hf6                                                  
#   parity                       integral          1     'h0                                                   
#   stopbit                      integral          2     'h0                                                   
#   begin_time                   time              64    0                                                     
#   depth                        int               32    'd2                                                   
#   parent sequence (name)       string            7     lhs_seq                                               
#   parent sequence (full name)  string            54    uvm_test_top.uart_env.uart_lhs_agent.sequencer.lhs_seq
#   sequencer                    string            46    uvm_test_top.uart_env.uart_lhs_agent.sequencer        
# -------------------------------------------------------------------------------------------------------------
# 
# UVM_INFO ./../sequences/uart_sequence.sv(13) @ 0: uvm_test_top.uart_env.uart_rhs_agent.sequencer@@rhs_seq [uart_sequence] Send req to driver: 
#  -------------------------------------------------------------------------------------------------------------
# Name                           Type              Size  Value                                                 
# -------------------------------------------------------------------------------------------------------------
# req                            uart_transaction  -     @948                                                  
#   data                         integral          9     'hd4                                                  
#   parity                       integral          1     'h0                                                   
#   stopbit                      integral          2     'h0                                                   
#   begin_time                   time              64    0                                                     
#   depth                        int               32    'd2                                                   
#   parent sequence (name)       string            7     rhs_seq                                               
#   parent sequence (full name)  string            54    uvm_test_top.uart_env.uart_rhs_agent.sequencer.rhs_seq
#   sequencer                    string            46    uvm_test_top.uart_env.uart_rhs_agent.sequencer        
# -------------------------------------------------------------------------------------------------------------
# 
# UVM_INFO ./../sequences/uart_sequence.sv(13) @ 95491: uvm_test_top.uart_env.uart_rhs_agent.sequencer@@rhs_seq [uart_sequence] Send req to driver: 
#  -------------------------------------------------------------------------------------------------------------
# Name                           Type              Size  Value                                                 
# -------------------------------------------------------------------------------------------------------------
# req                            uart_transaction  -     @1015                                                 
#   data                         integral          9     'h109                                                 
#   parity                       integral          1     'h0                                                   
#   stopbit                      integral          2     'h0                                                   
#   begin_time                   time              64    95491                                                 
#   depth                        int               32    'd2                                                   
#   parent sequence (name)       string            7     rhs_seq                                               
#   parent sequence (full name)  string            54    uvm_test_top.uart_env.uart_rhs_agent.sequencer.rhs_seq
#   sequencer                    string            46    uvm_test_top.uart_env.uart_rhs_agent.sequencer        
# -------------------------------------------------------------------------------------------------------------
# 
# UVM_INFO ./../sequences/uart_sequence.sv(13) @ 190982: uvm_test_top.uart_env.uart_rhs_agent.sequencer@@rhs_seq [uart_sequence] Send req to driver: 
#  -------------------------------------------------------------------------------------------------------------
# Name                           Type              Size  Value                                                 
# -------------------------------------------------------------------------------------------------------------
# req                            uart_transaction  -     @1029                                                 
#   data                         integral          9     'h4c                                                  
#   parity                       integral          1     'h0                                                   
#   stopbit                      integral          2     'h0                                                   
#   begin_time                   time              64    190982                                                
#   depth                        int               32    'd2                                                   
#   parent sequence (name)       string            7     rhs_seq                                               
#   parent sequence (full name)  string            54    uvm_test_top.uart_env.uart_rhs_agent.sequencer.rhs_seq
#   sequencer                    string            46    uvm_test_top.uart_env.uart_rhs_agent.sequencer        
# -------------------------------------------------------------------------------------------------------------
# 
# UVM_INFO ./../uart_vip/uart_error_catcher.sv(17) @ 546872: uvm_test_top.uart_env.scoreboard [REPORT_CATCHER] Demote below error message: Mismatch lhs_tx vs rhs_rx
# UVM_INFO ./../tb/uart_scoreboard.sv(59) @ 546872: uvm_test_top.uart_env.scoreboard [uart_scoreboard] Mismatch lhs_tx vs rhs_rx
# UVM_INFO ./../tb/uart_scoreboard.sv(60) @ 546872: uvm_test_top.uart_env.scoreboard [uart_scoreboard] 
# 
# LHS_TX_trans:
# ----------------------------------------
# Name       Type              Size  Value
# ----------------------------------------
# trans      uart_transaction  -     @1003
#   data     integral          9     'hf6 
#   parity   integral          1     'h0  
#   stopbit  integral          2     'h3  
# ----------------------------------------
# 
# RHS_RX_trans:
# ----------------------------------------
# Name       Type              Size  Value
# ----------------------------------------
# trans      uart_transaction  -     @999 
#   data     integral          9     'h0  
#   parity   integral          1     'h0  
#   stopbit  integral          2     'h0  
# ----------------------------------------
# 
# UVM_INFO ./../uart_vip/uart_error_catcher.sv(17) @ 546872: uvm_test_top.uart_env.scoreboard [REPORT_CATCHER] Demote below error message: Mismatch rhs_tx vs lhs_rx
# UVM_INFO ./../tb/uart_scoreboard.sv(72) @ 546872: uvm_test_top.uart_env.scoreboard [uart_scoreboard] Mismatch rhs_tx vs lhs_rx
# UVM_INFO ./../tb/uart_scoreboard.sv(73) @ 546872: uvm_test_top.uart_env.scoreboard [uart_scoreboard] 
# 
# RHS_TX_trans:
# ----------------------------------------
# Name       Type              Size  Value
# ----------------------------------------
# trans      uart_transaction  -     @995 
#   data     integral          9     'hd4 
#   parity   integral          1     'h0  
#   stopbit  integral          2     'h3  
# ----------------------------------------
# 
# LHS_RX_trans:
# ----------------------------------------
# Name       Type              Size  Value
# ----------------------------------------
# trans      uart_transaction  -     @1007
#   data     integral          9     'hfd 
#   parity   integral          1     'h0  
#   stopbit  integral          2     'h3  
# ----------------------------------------
# 
# UVM_INFO ./../sequences/uart_sequence.sv(13) @ 572913: uvm_test_top.uart_env.uart_lhs_agent.sequencer@@lhs_seq [uart_sequence] Send req to driver: 
#  -------------------------------------------------------------------------------------------------------------
# Name                           Type              Size  Value                                                 
# -------------------------------------------------------------------------------------------------------------
# req                            uart_transaction  -     @1065                                                 
#   data                         integral          9     'h5e                                                  
#   parity                       integral          1     'h0                                                   
#   stopbit                      integral          2     'h0                                                   
#   begin_time                   time              64    572913                                                
#   depth                        int               32    'd2                                                   
#   parent sequence (name)       string            7     lhs_seq                                               
#   parent sequence (full name)  string            54    uvm_test_top.uart_env.uart_lhs_agent.sequencer.lhs_seq
#   sequencer                    string            46    uvm_test_top.uart_env.uart_lhs_agent.sequencer        
# -------------------------------------------------------------------------------------------------------------
# 
# UVM_INFO ./../uart_vip/uart_error_catcher.sv(17) @ 1119785: uvm_test_top.uart_env.scoreboard [REPORT_CATCHER] Demote below error message: Mismatch lhs_tx vs rhs_rx
# UVM_INFO ./../tb/uart_scoreboard.sv(59) @ 1119785: uvm_test_top.uart_env.scoreboard [uart_scoreboard] Mismatch lhs_tx vs rhs_rx
# UVM_INFO ./../tb/uart_scoreboard.sv(60) @ 1119785: uvm_test_top.uart_env.scoreboard [uart_scoreboard] 
# 
# LHS_TX_trans:
# ----------------------------------------
# Name       Type              Size  Value
# ----------------------------------------
# trans      uart_transaction  -     @1075
#   data     integral          9     'h5e 
#   parity   integral          1     'h0  
#   stopbit  integral          2     'h3  
# ----------------------------------------
# 
# RHS_RX_trans:
# ----------------------------------------
# Name       Type              Size  Value
# ----------------------------------------
# trans      uart_transaction  -     @1039
#   data     integral          9     'he0 
#   parity   integral          1     'h0  
#   stopbit  integral          2     'h3  
# ----------------------------------------
# 
# UVM_INFO ./../sequences/uart_sequence.sv(13) @ 1145826: uvm_test_top.uart_env.uart_lhs_agent.sequencer@@lhs_seq [uart_sequence] Send req to driver: 
#  -------------------------------------------------------------------------------------------------------------
# Name                           Type              Size  Value                                                 
# -------------------------------------------------------------------------------------------------------------
# req                            uart_transaction  -     @1097                                                 
#   data                         integral          9     'h1ff                                                 
#   parity                       integral          1     'h0                                                   
#   stopbit                      integral          2     'h0                                                   
#   begin_time                   time              64    1145826                                               
#   depth                        int               32    'd2                                                   
#   parent sequence (name)       string            7     lhs_seq                                               
#   parent sequence (full name)  string            54    uvm_test_top.uart_env.uart_lhs_agent.sequencer.lhs_seq
#   sequencer                    string            46    uvm_test_top.uart_env.uart_lhs_agent.sequencer        
# -------------------------------------------------------------------------------------------------------------
# 
# UVM_INFO ./../uart_vip/uart_error_catcher.sv(17) @ 1692698: uvm_test_top.uart_env.scoreboard [REPORT_CATCHER] Demote below error message: Mismatch lhs_tx vs rhs_rx
# UVM_INFO ./../tb/uart_scoreboard.sv(59) @ 1692698: uvm_test_top.uart_env.scoreboard [uart_scoreboard] Mismatch lhs_tx vs rhs_rx
# UVM_INFO ./../tb/uart_scoreboard.sv(60) @ 1692698: uvm_test_top.uart_env.scoreboard [uart_scoreboard] 
# 
# LHS_TX_trans:
# ----------------------------------------
# Name       Type              Size  Value
# ----------------------------------------
# trans      uart_transaction  -     @1107
#   data     integral          9     'hff 
#   parity   integral          1     'h0  
#   stopbit  integral          2     'h3  
# ----------------------------------------
# 
# RHS_RX_trans:
# ----------------------------------------
# Name       Type              Size  Value
# ----------------------------------------
# trans      uart_transaction  -     @1071
#   data     integral          9     'h0  
#   parity   integral          1     'h0  
#   stopbit  integral          2     'h0  
# ----------------------------------------
# 
# UVM_INFO /ictc/other/tools/QuestaDVA/questasim/verilog_src/uvm-1.2/src/base/uvm_objection.svh(1271) @ 1718739: reporter [TEST_DONE] 'run' phase is ready to proceed to the 'extract' phase
# UVM_INFO ./../testcases/uart_base_test.sv(107) @ 1718739: uvm_test_top [final_phase] Entered...
# 
# =======================================
#     ###Status: TEST PASSED###            
# =======================================
# 
# UVM_INFO ./../testcases/uart_base_test.sv(119) @ 1718739: uvm_test_top [final_phase] Exiting...
# UVM_INFO /ictc/other/tools/QuestaDVA/questasim/verilog_src/uvm-1.2/src/base/uvm_report_catcher.svh(705) @ 1718739: reporter [UVM/REPORT/CATCHER] 
# --- UVM Report catcher Summary ---
# 
# 
# Number of demoted UVM_FATAL reports  :    0
# Number of demoted UVM_ERROR reports  :    4
# Number of demoted UVM_WARNING reports:    0
# Number of caught UVM_FATAL reports   :    0
# Number of caught UVM_ERROR reports   :    0
# Number of caught UVM_WARNING reports :    0
# 
# UVM_INFO /ictc/other/tools/QuestaDVA/questasim/verilog_src/uvm-1.2/src/base/uvm_report_server.svh(847) @ 1718739: reporter [UVM/REPORT/SERVER] 
# --- UVM Report Summary ---
# 
# ** Report counts by severity
# UVM_INFO :   39
# UVM_WARNING :    0
# UVM_ERROR :    0
# UVM_FATAL :    0
# ** Report counts by id
# [NO_DPI_TSTNAME]     1
# [REPORT_CATCHER]     4
# [RNTST]     1
# [TEST_DONE]     1
# [UVM/COMP/NAMECHECK]     1
# [UVM/RELNOTES]     1
# [UVM/REPORT/CATCHER]     1
# [UVMTOP]     1
# [baudrate_mismatch]     2
# [build_phase]     4
# [connect_phase]     2
# [final_phase]     2
# [start_of_simulation_phase]     2
# [uart_agent]     2
# [uart_scoreboard]     8
# [uart_sequence]     6
# 
# ** Note: $finish    : /ictc/other/tools/QuestaDVA/questasim/verilog_src/uvm-1.2/src/base/uvm_root.svh(517)
#    Time: 1718739 ns  Iteration: 74  Instance: /testbench
# End time: 00:41:47 on Jul 28,2025, Elapsed time: 0:00:03
# Errors: 0, Warnings: 0
